<?xml version="1.0" encoding="UTF-8"?>
<!-- Generated by org.testng.reporters.JUnitXMLReporter -->
<testsuite ignored="0" hostname="LAPTOP-KFK9388M" failures="0" tests="4" name="verify the text box error message" time="40.545" errors="0" timestamp="2022-07-25T16:55:59 IST">
  <testcase classname="gamil.CreateAccountErrorMsg" name="nextbutton" time="14.827"/>
  <testcase classname="gamil.CreateAccountErrorMsg" name="nextbutton" time="7.308"/>
  <testcase classname="gamil.CreateAccountErrorMsg" name="nextbutton" time="7.368"/>
  <testcase classname="gamil.CreateAccountErrorMsg" name="nextbutton" time="7.358"/>
</testsuite> <!-- verify the text box error message -->
