<?xml version="1.0" encoding="UTF-8"?>
<!-- Generated by org.testng.reporters.JUnitXMLReporter -->
<testsuite ignored="2" hostname="LAPTOP-KFK9388M" failures="0" tests="0" time="0.017" errors="0" timestamp="2023-04-25T22:18:16 IST">
  <testcase classname="javaTest.AddToChart" name="verifyOrders" time="0.0">
    <ignored/>
  </testcase> <!-- verifyOrders -->
  <testcase classname="javaTest.AddToChart" name="orderProduct" time="0.0">
    <ignored/>
  </testcase> <!-- orderProduct -->
</testsuite>
