<?xml version="1.0" encoding="UTF-8"?>
<!-- Generated by org.testng.reporters.JUnitXMLReporter -->
<testsuite ignored="0" hostname="LAPTOP-KFK9388M" failures="0" tests="3" name="Test" time="31.685" errors="0" timestamp="2023-01-22T13:13:15 IST">
  <testcase classname="javaTest.AddToChart" name="orderProduct" time="3.848"/>
  <testcase classname="javaTest.AddToChart" name="orderProduct" time="3.923"/>
  <testcase classname="javaTest.AddToChart" name="verifyOrders" time="0.819"/>
</testsuite> <!-- Test -->
