<?xml version="1.0" encoding="UTF-8"?>
<testng-results ignored="0" total="1" passed="1" failed="0" skipped="0">
  <reporter-output>
  </reporter-output>
  <suite started-at="2022-10-02T16:38:42 IST" name="Default suite" finished-at="2022-10-02T16:38:50 IST" duration-ms="7622">
    <groups>
    </groups>
    <test started-at="2022-10-02T16:38:42 IST" name="Default test" finished-at="2022-10-02T16:38:50 IST" duration-ms="7622">
      <class name="propertiesTest.LaunchGoogle">
        <test-method is-config="true" signature="LaunchBrowser()[pri:0, instance:propertiesTest.LaunchGoogle@55634720]" started-at="2022-10-02T16:38:42 IST" name="LaunchBrowser" finished-at="2022-10-02T16:38:48 IST" duration-ms="5821" status="PASS">
          <reporter-output>
          </reporter-output>
        </test-method> <!-- LaunchBrowser -->
        <test-method signature="enterUrl()[pri:0, instance:propertiesTest.LaunchGoogle@55634720]" started-at="2022-10-02T16:38:48 IST" name="enterUrl" finished-at="2022-10-02T16:38:50 IST" duration-ms="1757" status="PASS">
          <reporter-output>
          </reporter-output>
        </test-method> <!-- enterUrl -->
      </class> <!-- propertiesTest.LaunchGoogle -->
    </test> <!-- Default test -->
  </suite> <!-- Default suite -->
</testng-results>
