<?xml version="1.0" encoding="UTF-8"?>
<testng-results ignored="0" total="1" passed="1" failed="0" skipped="0">
  <reporter-output>
  </reporter-output>
  <suite started-at="2023-03-03T14:45:13 IST" name="Default suite" finished-at="2023-03-03T14:45:23 IST" duration-ms="9728">
    <groups>
    </groups>
    <test started-at="2023-03-03T14:45:13 IST" name="Default test" finished-at="2023-03-03T14:45:23 IST" duration-ms="9728">
      <class name="webTable.WebTable2">
        <test-method signature="test()[pri:0, instance:webTable.WebTable2@3cebbb30]" started-at="2023-03-03T14:45:13 IST" name="test" finished-at="2023-03-03T14:45:23 IST" duration-ms="9679" status="PASS">
          <reporter-output>
          </reporter-output>
        </test-method> <!-- test -->
      </class> <!-- webTable.WebTable2 -->
    </test> <!-- Default test -->
  </suite> <!-- Default suite -->
</testng-results>
