<?xml version="1.0" encoding="UTF-8"?>
<!-- Generated by org.testng.reporters.JUnitXMLReporter -->
<testsuite ignored="0" hostname="LAPTOP-KFK9388M" failures="0" tests="7" name="Test2" time="74.735" errors="0" timestamp="2023-06-03T21:14:58 IST">
  <testcase classname="testCase.LoginValidation" name="getPageTest" time="1.644"/>
  <testcase classname="testCase.LoginValidation" name="getPageTest" time="4.858"/>
  <testcase classname="testCase.LoginValidation" name="getPageTest" time="4.485"/>
  <testcase classname="testCase.LoginValidation" name="getPageTest" time="4.434"/>
  <testcase classname="testCase.LoginValidation" name="getPageTest" time="4.563"/>
  <testcase classname="testCase.LoginValidation" name="getPageTest" time="3.224"/>
  <testcase classname="testCase.LoginValidation" name="getPageTest" time="4.615"/>
</testsuite> <!-- Test2 -->
