<?xml version="1.0" encoding="UTF-8"?>
<!-- Generated by org.testng.reporters.JUnitXMLReporter -->
<testsuite ignored="0" hostname="LAPTOP-KFK9388M" failures="0" tests="6" name="Test1" time="45.549" errors="0" timestamp="2023-06-05T07:09:46 IST">
  <testcase classname="testCase.LoginPageErrorMessage" name="verifyLoginMessage" time="2.752"/>
  <testcase classname="testCase.LoginPageErrorMessage" name="verifyLoginMessage" time="2.491"/>
  <testcase classname="testCase.LoginPageErrorMessage" name="verifyLoginMessage" time="6.693"/>
  <testcase classname="testCase.LoginPageErrorMessage" name="verifyLoginMessage" time="2.789"/>
  <testcase classname="testCase.LoginPageErrorMessage" name="verifyLoginMessage" time="4.914"/>
  <testcase classname="testCase.LoginPageErrorMessage" name="verifyLoginMessage" time="6.512"/>
</testsuite> <!-- Test1 -->
