<?xml version="1.0" encoding="UTF-8"?>
<!-- Generated by org.testng.reporters.JUnitXMLReporter -->
<testsuite ignored="0" hostname="LAPTOP-KFK9388M" failures="0" tests="4" name="Test" time="0.393" errors="0" timestamp="2023-03-10T14:11:26 IST">
  <testcase classname="display.Annotationss" name="test1" time="0.08"/>
  <testcase classname="display.Annotationss" name="test2" time="0.002"/>
  <testcase classname="display.Annotationss2" name="test3" time="0.087"/>
  <testcase classname="display.Annotationss2" name="test4" time="0.006"/>
</testsuite> <!-- Test -->
