<?xml version="1.0" encoding="UTF-8"?>
<testng-results ignored="0" total="1" passed="1" failed="0" skipped="0">
  <reporter-output>
  </reporter-output>
  <suite started-at="2023-01-21T20:47:59 IST" name="Default suite" finished-at="2023-01-21T20:48:21 IST" duration-ms="21902">
    <groups>
    </groups>
    <test started-at="2023-01-21T20:47:59 IST" name="Default test" finished-at="2023-01-21T20:48:21 IST" duration-ms="21902">
      <class name="uploadAndDownload.UploadAndDownLoadFile">
        <test-method signature="file()[pri:0, instance:uploadAndDownload.UploadAndDownLoadFile@1ea9f6af]" started-at="2023-01-21T20:47:59 IST" name="file" finished-at="2023-01-21T20:48:21 IST" duration-ms="21848" status="PASS">
          <reporter-output>
          </reporter-output>
        </test-method> <!-- file -->
      </class> <!-- uploadAndDownload.UploadAndDownLoadFile -->
    </test> <!-- Default test -->
  </suite> <!-- Default suite -->
</testng-results>
