<?xml version="1.0" encoding="UTF-8"?>
<testng-results ignored="0" total="1" passed="1" failed="0" skipped="0">
  <reporter-output>
  </reporter-output>
  <suite started-at="2023-06-01T13:12:12 IST" name="Default suite" finished-at="2023-06-01T13:12:29 IST" duration-ms="16921">
    <groups>
    </groups>
    <test started-at="2023-06-01T13:12:12 IST" name="Default test" finished-at="2023-06-01T13:12:29 IST" duration-ms="16921">
      <class name="busTicketSearch.TicketSearch">
        <test-method signature="main()[pri:0, instance:busTicketSearch.TicketSearch@32502377]" started-at="2023-06-01T13:12:13 IST" name="main" finished-at="2023-06-01T13:12:29 IST" duration-ms="16856" status="PASS">
          <reporter-output>
          </reporter-output>
        </test-method> <!-- main -->
      </class> <!-- busTicketSearch.TicketSearch -->
    </test> <!-- Default test -->
  </suite> <!-- Default suite -->
</testng-results>
