<?xml version="1.0" encoding="UTF-8"?>
<testng-results ignored="0" total="8" passed="7" failed="1" skipped="0">
  <reporter-output>
    <line>
      <![CDATA[Link Name: OrangeHRM]]>
    </line>
    <line>
      <![CDATA[wrong Link name is displayed: OrangeHRM]]>
    </line>
    <line>
      <![CDATA[After method]]>
    </line>
    <line>
      <![CDATA[***positive testing***]]>
    </line>
    <line>
      <![CDATA[Entered username: Hello]]>
    </line>
    <line>
      <![CDATA[Entered password: Dreams]]>
    </line>
    <line>
      <![CDATA[Login is successful]]>
    </line>
    <line>
      <![CDATA[After method]]>
    </line>
    <line>
      <![CDATA[***Neagtive testing***]]>
    </line>
    <line>
      <![CDATA[Entered username: Hello]]>
    </line>
    <line>
      <![CDATA[Entered password: Dream]]>
    </line>
    <line>
      <![CDATA[Error message is displayed: true]]>
    </line>
    <line>
      <![CDATA[Error message is displayed as: Invalid Login]]>
    </line>
    <line>
      <![CDATA[It displayed correct message: True]]>
    </line>
    <line>
      <![CDATA[After method]]>
    </line>
    <line>
      <![CDATA[***Neagtive testing***]]>
    </line>
    <line>
      <![CDATA[Entered username: username]]>
    </line>
    <line>
      <![CDATA[Entered password: Dreams]]>
    </line>
    <line>
      <![CDATA[Error message is displayed: true]]>
    </line>
    <line>
      <![CDATA[Error message is displayed as: Invalid Login]]>
    </line>
    <line>
      <![CDATA[It displayed correct message: True]]>
    </line>
    <line>
      <![CDATA[After method]]>
    </line>
    <line>
      <![CDATA[***Neagtive testing***]]>
    </line>
    <line>
      <![CDATA[Entered username: Asus]]>
    </line>
    <line>
      <![CDATA[Entered password: 1234]]>
    </line>
    <line>
      <![CDATA[Error message is displayed: true]]>
    </line>
    <line>
      <![CDATA[Error message is displayed as: Invalid Login]]>
    </line>
    <line>
      <![CDATA[It displayed correct message: True]]>
    </line>
    <line>
      <![CDATA[After method]]>
    </line>
    <line>
      <![CDATA[***Neagtive testing***]]>
    </line>
    <line>
      <![CDATA[Entered username: hELLO]]>
    </line>
    <line>
      <![CDATA[Entered password: dREAMS]]>
    </line>
    <line>
      <![CDATA[Error message is displayed: true]]>
    </line>
    <line>
      <![CDATA[Error message is displayed as: Invalid Login]]>
    </line>
    <line>
      <![CDATA[It displayed correct message: True]]>
    </line>
    <line>
      <![CDATA[After method]]>
    </line>
    <line>
      <![CDATA[***Neagtive testing***]]>
    </line>
    <line>
      <![CDATA[Entered username: Lenovo]]>
    </line>
    <line>
      <![CDATA[Entered password: ]]>
    </line>
    <line>
      <![CDATA[It display correct Alert message]]>
    </line>
    <line>
      <![CDATA[After method]]>
    </line>
    <line>
      <![CDATA[***Neagtive testing***]]>
    </line>
    <line>
      <![CDATA[Entered username: ]]>
    </line>
    <line>
      <![CDATA[Entered password: Ideapad]]>
    </line>
    <line>
      <![CDATA[It display correct is error message]]>
    </line>
    <line>
      <![CDATA[After method]]>
    </line>
  </reporter-output>
  <suite started-at="2023-01-27T21:50:46 IST" name="Default suite" finished-at="2023-01-27T21:51:27 IST" duration-ms="40163">
    <groups>
    </groups>
    <test started-at="2023-01-27T21:50:46 IST" name="Default test" finished-at="2023-01-27T21:51:27 IST" duration-ms="40163">
      <class name="com.TestNgExtentReport.Example">
        <test-method is-config="true" signature="launchApplication(org.testng.ITestContext)[pri:0, instance:com.TestNgExtentReport.Example@6340e5f0]" started-at="2023-01-27T21:50:46 IST" name="launchApplication" finished-at="2023-01-27T21:50:51 IST" duration-ms="4774" status="PASS">
          <params>
            <param index="0">
              <value>
                <![CDATA[org.testng.TestRunner@273fa9e]]>
              </value>
            </param>
          </params>
          <reporter-output>
          </reporter-output>
        </test-method> <!-- launchApplication -->
        <test-method signature="loginPageLink()[pri:0, instance:com.TestNgExtentReport.Example@6340e5f0]" started-at="2023-01-27T21:50:51 IST" name="loginPageLink" finished-at="2023-01-27T21:50:51 IST" duration-ms="93" status="FAIL">
          <exception class="java.lang.AssertionError">
            <message>
              <![CDATA[Title missmatched expected [OrangeHRM1] but found [OrangeHRM]]]>
            </message>
            <full-stacktrace>
              <![CDATA[java.lang.AssertionError: Title missmatched expected [OrangeHRM1] but found [OrangeHRM]
at org.testng.Assert.fail(Assert.java:110)
at org.testng.Assert.failNotEquals(Assert.java:1413)
at org.testng.Assert.assertEqualsImpl(Assert.java:149)
at org.testng.Assert.assertEquals(Assert.java:131)
at org.testng.Assert.assertEquals(Assert.java:655)
at com.TestNgExtentReport.Example.loginPageLink(Example.java:127)
at java.base/jdk.internal.reflect.DirectMethodHandleAccessor.invoke(DirectMethodHandleAccessor.java:104)
at java.base/java.lang.reflect.Method.invoke(Method.java:577)
at org.testng.internal.invokers.MethodInvocationHelper.invokeMethod(MethodInvocationHelper.java:139)
at org.testng.internal.invokers.TestInvoker.invokeMethod(TestInvoker.java:677)
at org.testng.internal.invokers.TestInvoker.invokeTestMethod(TestInvoker.java:221)
at org.testng.internal.invokers.MethodRunner.runInSequence(MethodRunner.java:50)
at org.testng.internal.invokers.TestInvoker$MethodInvocationAgent.invoke(TestInvoker.java:962)
at org.testng.internal.invokers.TestInvoker.invokeTestMethods(TestInvoker.java:194)
at org.testng.internal.invokers.TestMethodWorker.invokeTestMethods(TestMethodWorker.java:148)
at org.testng.internal.invokers.TestMethodWorker.run(TestMethodWorker.java:128)
at java.base/java.util.ArrayList.forEach(ArrayList.java:1511)
at org.testng.TestRunner.privateRun(TestRunner.java:806)
at org.testng.TestRunner.run(TestRunner.java:601)
at org.testng.SuiteRunner.runTest(SuiteRunner.java:433)
at org.testng.SuiteRunner.runSequentially(SuiteRunner.java:427)
at org.testng.SuiteRunner.privateRun(SuiteRunner.java:387)
at org.testng.SuiteRunner.run(SuiteRunner.java:330)
at org.testng.SuiteRunnerWorker.runSuite(SuiteRunnerWorker.java:52)
at org.testng.SuiteRunnerWorker.run(SuiteRunnerWorker.java:95)
at org.testng.TestNG.runSuitesSequentially(TestNG.java:1256)
at org.testng.TestNG.runSuitesLocally(TestNG.java:1176)
at org.testng.TestNG.runSuites(TestNG.java:1099)
at org.testng.TestNG.run(TestNG.java:1067)
at org.testng.remote.AbstractRemoteTestNG.run(AbstractRemoteTestNG.java:115)
at org.testng.remote.RemoteTestNG.initAndRun(RemoteTestNG.java:251)
at org.testng.remote.RemoteTestNG.main(RemoteTestNG.java:77)
]]>
            </full-stacktrace>
          </exception> <!-- java.lang.AssertionError -->
          <reporter-output>
            <line>
              <![CDATA[Link Name: OrangeHRM]]>
            </line>
            <line>
              <![CDATA[wrong Link name is displayed: OrangeHRM]]>
            </line>
          </reporter-output>
        </test-method> <!-- loginPageLink -->
        <test-method is-config="true" signature="takeScreenShot(java.lang.reflect.Method,org.testng.ITestResult)[pri:0, instance:com.TestNgExtentReport.Example@6340e5f0]" started-at="2023-01-27T21:50:51 IST" name="takeScreenShot" finished-at="2023-01-27T21:50:53 IST" duration-ms="1181" status="PASS">
          <params>
            <param index="0">
              <value>
                <![CDATA[public void com.TestNgExtentReport.Example.loginPageLink()]]>
              </value>
            </param>
            <param index="1">
              <value>
                <![CDATA[[TestResult name=loginPageLink status=FAILURE method=Example.loginPageLink()[pri:0, instance:com.TestNgExtentReport.Example@6340e5f0] output=Link Name: OrangeHRM]]]>
              </value>
            </param>
          </params>
          <reporter-output>
            <line>
              <![CDATA[After method]]>
            </line>
          </reporter-output>
        </test-method> <!-- takeScreenShot -->
        <test-method is-config="true" signature="launchApplication(org.testng.ITestContext)[pri:0, instance:com.TestNgExtentReport.Example@6340e5f0]" started-at="2023-01-27T21:50:53 IST" name="launchApplication" finished-at="2023-01-27T21:50:56 IST" duration-ms="3496" status="PASS">
          <params>
            <param index="0">
              <value>
                <![CDATA[org.testng.TestRunner@273fa9e]]>
              </value>
            </param>
          </params>
          <reporter-output>
          </reporter-output>
        </test-method> <!-- launchApplication -->
        <test-method signature="orangeHRMLogin(java.lang.String,java.lang.String,java.lang.String)[pri:0, instance:com.TestNgExtentReport.Example@6340e5f0]" started-at="2023-01-27T21:50:56 IST" name="orangeHRMLogin" data-provider="dp1" finished-at="2023-01-27T21:50:58 IST" duration-ms="1496" status="PASS">
          <params>
            <param index="0">
              <value>
                <![CDATA[valid]]>
              </value>
            </param>
            <param index="1">
              <value>
                <![CDATA[Hello]]>
              </value>
            </param>
            <param index="2">
              <value>
                <![CDATA[Dreams]]>
              </value>
            </param>
          </params>
          <reporter-output>
            <line>
              <![CDATA[***positive testing***]]>
            </line>
            <line>
              <![CDATA[Entered username: Hello]]>
            </line>
            <line>
              <![CDATA[Entered password: Dreams]]>
            </line>
            <line>
              <![CDATA[Login is successful]]>
            </line>
          </reporter-output>
        </test-method> <!-- orangeHRMLogin -->
        <test-method is-config="true" signature="takeScreenShot(java.lang.reflect.Method,org.testng.ITestResult)[pri:0, instance:com.TestNgExtentReport.Example@6340e5f0]" started-at="2023-01-27T21:50:58 IST" name="takeScreenShot" finished-at="2023-01-27T21:50:58 IST" duration-ms="846" status="PASS">
          <params>
            <param index="0">
              <value>
                <![CDATA[public void com.TestNgExtentReport.Example.orangeHRMLogin(java.lang.String,java.lang.String,java.lang.String) throws java.lang.Exception]]>
              </value>
            </param>
            <param index="1">
              <value>
                <![CDATA[[TestResult name=orangeHRMLogin status=SUCCESS method=Example.orangeHRMLogin(java.lang.String,java.lang.String,java.lang.String)[pri:0, instance:com.TestNgExtentReport.Example@6340e5f0] output=***positive testing***]]]>
              </value>
            </param>
          </params>
          <reporter-output>
            <line>
              <![CDATA[After method]]>
            </line>
          </reporter-output>
        </test-method> <!-- takeScreenShot -->
        <test-method is-config="true" signature="launchApplication(org.testng.ITestContext)[pri:0, instance:com.TestNgExtentReport.Example@6340e5f0]" started-at="2023-01-27T21:50:58 IST" name="launchApplication" finished-at="2023-01-27T21:51:02 IST" duration-ms="3613" status="PASS">
          <params>
            <param index="0">
              <value>
                <![CDATA[org.testng.TestRunner@273fa9e]]>
              </value>
            </param>
          </params>
          <reporter-output>
          </reporter-output>
        </test-method> <!-- launchApplication -->
        <test-method signature="orangeHRMLogin(java.lang.String,java.lang.String,java.lang.String)[pri:0, instance:com.TestNgExtentReport.Example@6340e5f0]" started-at="2023-01-27T21:51:02 IST" name="orangeHRMLogin" data-provider="dp1" finished-at="2023-01-27T21:51:02 IST" duration-ms="297" status="PASS">
          <params>
            <param index="0">
              <value>
                <![CDATA[invalid]]>
              </value>
            </param>
            <param index="1">
              <value>
                <![CDATA[Hello]]>
              </value>
            </param>
            <param index="2">
              <value>
                <![CDATA[Dream]]>
              </value>
            </param>
          </params>
          <reporter-output>
            <line>
              <![CDATA[***Neagtive testing***]]>
            </line>
            <line>
              <![CDATA[Entered username: Hello]]>
            </line>
            <line>
              <![CDATA[Entered password: Dream]]>
            </line>
            <line>
              <![CDATA[Error message is displayed: true]]>
            </line>
            <line>
              <![CDATA[Error message is displayed as: Invalid Login]]>
            </line>
            <line>
              <![CDATA[It displayed correct message: True]]>
            </line>
          </reporter-output>
        </test-method> <!-- orangeHRMLogin -->
        <test-method is-config="true" signature="takeScreenShot(java.lang.reflect.Method,org.testng.ITestResult)[pri:0, instance:com.TestNgExtentReport.Example@6340e5f0]" started-at="2023-01-27T21:51:02 IST" name="takeScreenShot" finished-at="2023-01-27T21:51:03 IST" duration-ms="923" status="PASS">
          <params>
            <param index="0">
              <value>
                <![CDATA[public void com.TestNgExtentReport.Example.orangeHRMLogin(java.lang.String,java.lang.String,java.lang.String) throws java.lang.Exception]]>
              </value>
            </param>
            <param index="1">
              <value>
                <![CDATA[[TestResult name=orangeHRMLogin status=SUCCESS method=Example.orangeHRMLogin(java.lang.String,java.lang.String,java.lang.String)[pri:0, instance:com.TestNgExtentReport.Example@6340e5f0] output=***Neagtive testing***]]]>
              </value>
            </param>
          </params>
          <reporter-output>
            <line>
              <![CDATA[After method]]>
            </line>
          </reporter-output>
        </test-method> <!-- takeScreenShot -->
        <test-method is-config="true" signature="launchApplication(org.testng.ITestContext)[pri:0, instance:com.TestNgExtentReport.Example@6340e5f0]" started-at="2023-01-27T21:51:03 IST" name="launchApplication" finished-at="2023-01-27T21:51:07 IST" duration-ms="3688" status="PASS">
          <params>
            <param index="0">
              <value>
                <![CDATA[org.testng.TestRunner@273fa9e]]>
              </value>
            </param>
          </params>
          <reporter-output>
          </reporter-output>
        </test-method> <!-- launchApplication -->
        <test-method signature="orangeHRMLogin(java.lang.String,java.lang.String,java.lang.String)[pri:0, instance:com.TestNgExtentReport.Example@6340e5f0]" started-at="2023-01-27T21:51:07 IST" name="orangeHRMLogin" data-provider="dp1" finished-at="2023-01-27T21:51:07 IST" duration-ms="257" status="PASS">
          <params>
            <param index="0">
              <value>
                <![CDATA[invalid]]>
              </value>
            </param>
            <param index="1">
              <value>
                <![CDATA[username]]>
              </value>
            </param>
            <param index="2">
              <value>
                <![CDATA[Dreams]]>
              </value>
            </param>
          </params>
          <reporter-output>
            <line>
              <![CDATA[***Neagtive testing***]]>
            </line>
            <line>
              <![CDATA[Entered username: username]]>
            </line>
            <line>
              <![CDATA[Entered password: Dreams]]>
            </line>
            <line>
              <![CDATA[Error message is displayed: true]]>
            </line>
            <line>
              <![CDATA[Error message is displayed as: Invalid Login]]>
            </line>
            <line>
              <![CDATA[It displayed correct message: True]]>
            </line>
          </reporter-output>
        </test-method> <!-- orangeHRMLogin -->
        <test-method is-config="true" signature="takeScreenShot(java.lang.reflect.Method,org.testng.ITestResult)[pri:0, instance:com.TestNgExtentReport.Example@6340e5f0]" started-at="2023-01-27T21:51:07 IST" name="takeScreenShot" finished-at="2023-01-27T21:51:08 IST" duration-ms="981" status="PASS">
          <params>
            <param index="0">
              <value>
                <![CDATA[public void com.TestNgExtentReport.Example.orangeHRMLogin(java.lang.String,java.lang.String,java.lang.String) throws java.lang.Exception]]>
              </value>
            </param>
            <param index="1">
              <value>
                <![CDATA[[TestResult name=orangeHRMLogin status=SUCCESS method=Example.orangeHRMLogin(java.lang.String,java.lang.String,java.lang.String)[pri:0, instance:com.TestNgExtentReport.Example@6340e5f0] output=***Neagtive testing***]]]>
              </value>
            </param>
          </params>
          <reporter-output>
            <line>
              <![CDATA[After method]]>
            </line>
          </reporter-output>
        </test-method> <!-- takeScreenShot -->
        <test-method is-config="true" signature="launchApplication(org.testng.ITestContext)[pri:0, instance:com.TestNgExtentReport.Example@6340e5f0]" started-at="2023-01-27T21:51:08 IST" name="launchApplication" finished-at="2023-01-27T21:51:12 IST" duration-ms="3626" status="PASS">
          <params>
            <param index="0">
              <value>
                <![CDATA[org.testng.TestRunner@273fa9e]]>
              </value>
            </param>
          </params>
          <reporter-output>
          </reporter-output>
        </test-method> <!-- launchApplication -->
        <test-method signature="orangeHRMLogin(java.lang.String,java.lang.String,java.lang.String)[pri:0, instance:com.TestNgExtentReport.Example@6340e5f0]" started-at="2023-01-27T21:51:12 IST" name="orangeHRMLogin" data-provider="dp1" finished-at="2023-01-27T21:51:12 IST" duration-ms="267" status="PASS">
          <params>
            <param index="0">
              <value>
                <![CDATA[invalid]]>
              </value>
            </param>
            <param index="1">
              <value>
                <![CDATA[Asus]]>
              </value>
            </param>
            <param index="2">
              <value>
                <![CDATA[1234]]>
              </value>
            </param>
          </params>
          <reporter-output>
            <line>
              <![CDATA[***Neagtive testing***]]>
            </line>
            <line>
              <![CDATA[Entered username: Asus]]>
            </line>
            <line>
              <![CDATA[Entered password: 1234]]>
            </line>
            <line>
              <![CDATA[Error message is displayed: true]]>
            </line>
            <line>
              <![CDATA[Error message is displayed as: Invalid Login]]>
            </line>
            <line>
              <![CDATA[It displayed correct message: True]]>
            </line>
          </reporter-output>
        </test-method> <!-- orangeHRMLogin -->
        <test-method is-config="true" signature="takeScreenShot(java.lang.reflect.Method,org.testng.ITestResult)[pri:0, instance:com.TestNgExtentReport.Example@6340e5f0]" started-at="2023-01-27T21:51:12 IST" name="takeScreenShot" finished-at="2023-01-27T21:51:13 IST" duration-ms="845" status="PASS">
          <params>
            <param index="0">
              <value>
                <![CDATA[public void com.TestNgExtentReport.Example.orangeHRMLogin(java.lang.String,java.lang.String,java.lang.String) throws java.lang.Exception]]>
              </value>
            </param>
            <param index="1">
              <value>
                <![CDATA[[TestResult name=orangeHRMLogin status=SUCCESS method=Example.orangeHRMLogin(java.lang.String,java.lang.String,java.lang.String)[pri:0, instance:com.TestNgExtentReport.Example@6340e5f0] output=***Neagtive testing***]]]>
              </value>
            </param>
          </params>
          <reporter-output>
            <line>
              <![CDATA[After method]]>
            </line>
          </reporter-output>
        </test-method> <!-- takeScreenShot -->
        <test-method is-config="true" signature="launchApplication(org.testng.ITestContext)[pri:0, instance:com.TestNgExtentReport.Example@6340e5f0]" started-at="2023-01-27T21:51:13 IST" name="launchApplication" finished-at="2023-01-27T21:51:16 IST" duration-ms="3448" status="PASS">
          <params>
            <param index="0">
              <value>
                <![CDATA[org.testng.TestRunner@273fa9e]]>
              </value>
            </param>
          </params>
          <reporter-output>
          </reporter-output>
        </test-method> <!-- launchApplication -->
        <test-method signature="orangeHRMLogin(java.lang.String,java.lang.String,java.lang.String)[pri:0, instance:com.TestNgExtentReport.Example@6340e5f0]" started-at="2023-01-27T21:51:16 IST" name="orangeHRMLogin" data-provider="dp1" finished-at="2023-01-27T21:51:17 IST" duration-ms="265" status="PASS">
          <params>
            <param index="0">
              <value>
                <![CDATA[invalid]]>
              </value>
            </param>
            <param index="1">
              <value>
                <![CDATA[hELLO]]>
              </value>
            </param>
            <param index="2">
              <value>
                <![CDATA[dREAMS]]>
              </value>
            </param>
          </params>
          <reporter-output>
            <line>
              <![CDATA[***Neagtive testing***]]>
            </line>
            <line>
              <![CDATA[Entered username: hELLO]]>
            </line>
            <line>
              <![CDATA[Entered password: dREAMS]]>
            </line>
            <line>
              <![CDATA[Error message is displayed: true]]>
            </line>
            <line>
              <![CDATA[Error message is displayed as: Invalid Login]]>
            </line>
            <line>
              <![CDATA[It displayed correct message: True]]>
            </line>
          </reporter-output>
        </test-method> <!-- orangeHRMLogin -->
        <test-method is-config="true" signature="takeScreenShot(java.lang.reflect.Method,org.testng.ITestResult)[pri:0, instance:com.TestNgExtentReport.Example@6340e5f0]" started-at="2023-01-27T21:51:17 IST" name="takeScreenShot" finished-at="2023-01-27T21:51:17 IST" duration-ms="798" status="PASS">
          <params>
            <param index="0">
              <value>
                <![CDATA[public void com.TestNgExtentReport.Example.orangeHRMLogin(java.lang.String,java.lang.String,java.lang.String) throws java.lang.Exception]]>
              </value>
            </param>
            <param index="1">
              <value>
                <![CDATA[[TestResult name=orangeHRMLogin status=SUCCESS method=Example.orangeHRMLogin(java.lang.String,java.lang.String,java.lang.String)[pri:0, instance:com.TestNgExtentReport.Example@6340e5f0] output=***Neagtive testing***]]]>
              </value>
            </param>
          </params>
          <reporter-output>
            <line>
              <![CDATA[After method]]>
            </line>
          </reporter-output>
        </test-method> <!-- takeScreenShot -->
        <test-method is-config="true" signature="launchApplication(org.testng.ITestContext)[pri:0, instance:com.TestNgExtentReport.Example@6340e5f0]" started-at="2023-01-27T21:51:17 IST" name="launchApplication" finished-at="2023-01-27T21:51:21 IST" duration-ms="3618" status="PASS">
          <params>
            <param index="0">
              <value>
                <![CDATA[org.testng.TestRunner@273fa9e]]>
              </value>
            </param>
          </params>
          <reporter-output>
          </reporter-output>
        </test-method> <!-- launchApplication -->
        <test-method signature="orangeHRMLogin(java.lang.String,java.lang.String,java.lang.String)[pri:0, instance:com.TestNgExtentReport.Example@6340e5f0]" started-at="2023-01-27T21:51:21 IST" name="orangeHRMLogin" data-provider="dp1" finished-at="2023-01-27T21:51:21 IST" duration-ms="278" status="PASS">
          <params>
            <param index="0">
              <value>
                <![CDATA[invalid]]>
              </value>
            </param>
            <param index="1">
              <value>
                <![CDATA[Lenovo]]>
              </value>
            </param>
            <param index="2">
              <value>
                <![CDATA[]]>
              </value>
            </param>
          </params>
          <reporter-output>
            <line>
              <![CDATA[***Neagtive testing***]]>
            </line>
            <line>
              <![CDATA[Entered username: Lenovo]]>
            </line>
            <line>
              <![CDATA[Entered password: ]]>
            </line>
            <line>
              <![CDATA[It display correct Alert message]]>
            </line>
          </reporter-output>
        </test-method> <!-- orangeHRMLogin -->
        <test-method is-config="true" signature="takeScreenShot(java.lang.reflect.Method,org.testng.ITestResult)[pri:0, instance:com.TestNgExtentReport.Example@6340e5f0]" started-at="2023-01-27T21:51:21 IST" name="takeScreenShot" finished-at="2023-01-27T21:51:22 IST" duration-ms="846" status="PASS">
          <params>
            <param index="0">
              <value>
                <![CDATA[public void com.TestNgExtentReport.Example.orangeHRMLogin(java.lang.String,java.lang.String,java.lang.String) throws java.lang.Exception]]>
              </value>
            </param>
            <param index="1">
              <value>
                <![CDATA[[TestResult name=orangeHRMLogin status=SUCCESS method=Example.orangeHRMLogin(java.lang.String,java.lang.String,java.lang.String)[pri:0, instance:com.TestNgExtentReport.Example@6340e5f0] output=***Neagtive testing***]]]>
              </value>
            </param>
          </params>
          <reporter-output>
            <line>
              <![CDATA[After method]]>
            </line>
          </reporter-output>
        </test-method> <!-- takeScreenShot -->
        <test-method is-config="true" signature="launchApplication(org.testng.ITestContext)[pri:0, instance:com.TestNgExtentReport.Example@6340e5f0]" started-at="2023-01-27T21:51:22 IST" name="launchApplication" finished-at="2023-01-27T21:51:26 IST" duration-ms="3429" status="PASS">
          <params>
            <param index="0">
              <value>
                <![CDATA[org.testng.TestRunner@273fa9e]]>
              </value>
            </param>
          </params>
          <reporter-output>
          </reporter-output>
        </test-method> <!-- launchApplication -->
        <test-method signature="orangeHRMLogin(java.lang.String,java.lang.String,java.lang.String)[pri:0, instance:com.TestNgExtentReport.Example@6340e5f0]" started-at="2023-01-27T21:51:26 IST" name="orangeHRMLogin" data-provider="dp1" finished-at="2023-01-27T21:51:26 IST" duration-ms="187" status="PASS">
          <params>
            <param index="0">
              <value>
                <![CDATA[invalid]]>
              </value>
            </param>
            <param index="1">
              <value>
                <![CDATA[]]>
              </value>
            </param>
            <param index="2">
              <value>
                <![CDATA[Ideapad]]>
              </value>
            </param>
          </params>
          <reporter-output>
            <line>
              <![CDATA[***Neagtive testing***]]>
            </line>
            <line>
              <![CDATA[Entered username: ]]>
            </line>
            <line>
              <![CDATA[Entered password: Ideapad]]>
            </line>
            <line>
              <![CDATA[It display correct is error message]]>
            </line>
          </reporter-output>
        </test-method> <!-- orangeHRMLogin -->
        <test-method is-config="true" signature="takeScreenShot(java.lang.reflect.Method,org.testng.ITestResult)[pri:0, instance:com.TestNgExtentReport.Example@6340e5f0]" started-at="2023-01-27T21:51:26 IST" name="takeScreenShot" finished-at="2023-01-27T21:51:27 IST" duration-ms="827" status="PASS">
          <params>
            <param index="0">
              <value>
                <![CDATA[public void com.TestNgExtentReport.Example.orangeHRMLogin(java.lang.String,java.lang.String,java.lang.String) throws java.lang.Exception]]>
              </value>
            </param>
            <param index="1">
              <value>
                <![CDATA[[TestResult name=orangeHRMLogin status=SUCCESS method=Example.orangeHRMLogin(java.lang.String,java.lang.String,java.lang.String)[pri:0, instance:com.TestNgExtentReport.Example@6340e5f0] output=***Neagtive testing***]]]>
              </value>
            </param>
          </params>
          <reporter-output>
            <line>
              <![CDATA[After method]]>
            </line>
          </reporter-output>
        </test-method> <!-- takeScreenShot -->
        <test-method is-config="true" signature="flush()[pri:0, instance:com.TestNgExtentReport.Example@6340e5f0]" started-at="2023-01-27T21:51:27 IST" name="flush" finished-at="2023-01-27T21:51:27 IST" duration-ms="434" status="FAIL">
          <exception class="java.io.IOException">
            <message>
              <![CDATA[Failed to open file:/C:/Users/91766/eclipse-workspace/Extension%20Report/reporter.html. Error message: The system cannot find the file specified.
]]>
            </message>
            <full-stacktrace>
              <![CDATA[java.io.IOException: Failed to open file:/C:/Users/91766/eclipse-workspace/Extension%20Report/reporter.html. Error message: The system cannot find the file specified.

at java.desktop/sun.awt.windows.WDesktopPeer.ShellExecute(WDesktopPeer.java:115)
at java.desktop/sun.awt.windows.WDesktopPeer.browse(WDesktopPeer.java:101)
at java.desktop/java.awt.Desktop.browse(Desktop.java:533)
at com.TestNgExtentReport.BaseClass.flush(BaseClass.java:130)
at java.base/jdk.internal.reflect.DirectMethodHandleAccessor.invoke(DirectMethodHandleAccessor.java:104)
at java.base/java.lang.reflect.Method.invoke(Method.java:577)
at org.testng.internal.invokers.MethodInvocationHelper.invokeMethod(MethodInvocationHelper.java:139)
at org.testng.internal.invokers.MethodInvocationHelper.invokeMethodConsideringTimeout(MethodInvocationHelper.java:69)
at org.testng.internal.invokers.ConfigInvoker.invokeConfigurationMethod(ConfigInvoker.java:361)
at org.testng.internal.invokers.ConfigInvoker.invokeConfigurations(ConfigInvoker.java:296)
at org.testng.SuiteRunner.privateRun(SuiteRunner.java:400)
at org.testng.SuiteRunner.run(SuiteRunner.java:330)
at org.testng.SuiteRunnerWorker.runSuite(SuiteRunnerWorker.java:52)
at org.testng.SuiteRunnerWorker.run(SuiteRunnerWorker.java:95)
at org.testng.TestNG.runSuitesSequentially(TestNG.java:1256)
at org.testng.TestNG.runSuitesLocally(TestNG.java:1176)
at org.testng.TestNG.runSuites(TestNG.java:1099)
at org.testng.TestNG.run(TestNG.java:1067)
at org.testng.remote.AbstractRemoteTestNG.run(AbstractRemoteTestNG.java:115)
at org.testng.remote.RemoteTestNG.initAndRun(RemoteTestNG.java:251)
at org.testng.remote.RemoteTestNG.main(RemoteTestNG.java:77)
]]>
            </full-stacktrace>
          </exception> <!-- java.io.IOException -->
          <reporter-output>
          </reporter-output>
        </test-method> <!-- flush -->
      </class> <!-- com.TestNgExtentReport.Example -->
    </test> <!-- Default test -->
  </suite> <!-- Default suite -->
</testng-results>
