<?xml version="1.0" encoding="UTF-8"?>
<!-- Generated by org.testng.reporters.JUnitXMLReporter -->
<testsuite ignored="0" hostname="LAPTOP-KFK9388M" failures="1" tests="3" name="orangeHRM home page login links" time="12.163" errors="0" timestamp="2022-08-01T10:49:14 IST">
  <testcase classname="com.TestNgExtentReport.Example" name="loginPageLink" time="0.051">
    <failure type="java.lang.AssertionError" message="Title missmatched expected [OrangeHRM1] but found [OrangeHRM]">
      <![CDATA[java.lang.AssertionError: Title missmatched expected [OrangeHRM1] but found [OrangeHRM]
at com.TestNgExtentReport.Example.loginPageLink(Example.java:122)
at java.base/java.util.ArrayList.forEach(ArrayList.java:1511)
... Removed 30 stack frames]]>
    </failure>
  </testcase> <!-- loginPageLink -->
  <testcase classname="com.TestNgExtentReport.Example" name="test" time="1.398"/>
  <testcase classname="com.TestNgExtentReport.Example" name="test" time="0.288"/>
</testsuite> <!-- orangeHRM home page login links -->
