<?xml version="1.0" encoding="UTF-8"?>
<!-- Generated by org.testng.reporters.JUnitXMLReporter -->
<testsuite ignored="1" hostname="LAPTOP-KFK9388M" failures="0" tests="1" name="orangeHRM home page links" time="3.672" errors="0" timestamp="2022-11-07T15:42:26 IST">
  <testcase classname="com.TestNgExtentReport.BaseClass" name="@BeforeMethod launchApplication" time="3.662">
    <failure type="java.nio.file.InvalidPathException" message="Illegal char &amp;lt;&amp;gt; at index 1: .eporter12\reporter.html">
      <![CDATA[java.nio.file.InvalidPathException: Illegal char <
> at index 1: .
eporter12\reporter.html
at java.base/sun.nio.fs.WindowsPathParser.normalize(WindowsPathParser.java:182)
at java.base/sun.nio.fs.WindowsPathParser.parse(WindowsPathParser.java:153)
at java.base/sun.nio.fs.WindowsPathParser.parse(WindowsPathParser.java:77)
at java.base/sun.nio.fs.WindowsPath.parse(WindowsPath.java:92)
at java.base/sun.nio.fs.WindowsFileSystem.getPath(WindowsFileSystem.java:232)
at java.base/java.io.File.toPath(File.java:2396)
at com.aventstack.extentreports.reporter.AbstractFileReporter.<init>(AbstractFileReporter.java:40)
at com.aventstack.extentreports.reporter.ExtentSparkReporter.<init>(ExtentSparkReporter.java:51)
at com.TestNgExtentReport.BaseClass.report(BaseClass.java:50)
at com.TestNgExtentReport.BaseClass.launchApplication(BaseClass.java:73)
at java.base/java.util.ArrayList.forEach(ArrayList.java:1511)
... Removed 29 stack frames]]>
    </failure>
  </testcase> <!-- @BeforeMethod launchApplication -->
  <testcase classname="com.TestNgExtentReport.BaseClass" name="@AfterMethod takeScreenShot" time="0.0">
    <skipped/>
  </testcase> <!-- @AfterMethod takeScreenShot -->
  <testcase classname="com.TestNgExtentReport.Example" name="loginPageLink" time="0.0">
    <skipped/>
  </testcase> <!-- loginPageLink -->
  <testcase classname="com.TestNgExtentReport.Example" name="orangeHRMLogin" time="0.0">
    <ignored/>
  </testcase> <!-- orangeHRMLogin -->
</testsuite> <!-- orangeHRM home page links -->
