<?xml version="1.0" encoding="UTF-8"?>
<!-- Generated by org.testng.reporters.JUnitXMLReporter -->
<testsuite ignored="0" hostname="LAPTOP-KFK9388M" failures="0" tests="5" name="Default test" time="1.325" errors="0" timestamp="2022-12-31T23:38:45 IST">
  <testcase classname="tests.Test1" name="testDataProvider" time="0.01"/>
  <testcase classname="tests.Test1" name="testDataProvider" time="0.003"/>
  <testcase classname="tests.Test1" name="testDataProvider" time="0.005"/>
  <testcase classname="tests.Test1" name="testDataProvider" time="0.002"/>
  <testcase classname="tests.Test1" name="testDataProvider" time="0.004"/>
</testsuite> <!-- Default test -->
