<?xml version="1.0" encoding="UTF-8"?>
<!-- Generated by org.testng.reporters.JUnitXMLReporter -->
<testsuite ignored="0" hostname="LAPTOP-KFK9388M" failures="0" tests="8" name="Default test" time="10.733" errors="0" timestamp="2023-06-22T19:42:51 IST">
  <testcase classname="ReadDataFromExcelHashMap1" name="run" time="0.03"/>
  <testcase classname="ReadDataFromExcelHashMap1" name="run" time="0.005"/>
  <testcase classname="ReadDataFromExcelHashMap1" name="run" time="0.021"/>
  <testcase classname="ReadDataFromExcelHashMap1" name="run" time="0.003"/>
  <testcase classname="ReadDataFromExcelHashMap1" name="run" time="0.005"/>
  <testcase classname="ReadDataFromExcelHashMap1" name="run" time="0.004"/>
  <testcase classname="ReadDataFromExcelHashMap1" name="run" time="0.012"/>
  <testcase classname="ReadDataFromExcelHashMap1" name="run" time="0.043"/>
</testsuite> <!-- Default test -->
