<?xml version="1.0" encoding="UTF-8"?>
<testng-results ignored="0" total="6" passed="6" failed="0" skipped="0">
  <reporter-output>
  </reporter-output>
  <suite started-at="2023-06-05T07:09:00 IST" name="Demo Web App test suite" finished-at="2023-06-05T07:09:46 IST" duration-ms="45549">
    <groups>
    </groups>
    <test started-at="2023-06-05T07:09:00 IST" name="Test1" finished-at="2023-06-05T07:09:46 IST" duration-ms="45549">
      <class name="testCase.LoginPageErrorMessage">
        <test-method is-config="true" signature="LaunchApplication()[pri:0, instance:testCase.LoginPageErrorMessage@59662a0b]" started-at="2023-06-05T07:09:02 IST" name="LaunchApplication" finished-at="2023-06-05T07:09:15 IST" duration-ms="12328" status="PASS">
          <reporter-output>
          </reporter-output>
        </test-method> <!-- LaunchApplication -->
        <test-method is-config="true" signature="LaunchApplication()[pri:0, instance:testCase.LoginPageErrorMessage@59662a0b]" started-at="2023-06-05T07:09:02 IST" name="LaunchApplication" finished-at="2023-06-05T07:09:21 IST" duration-ms="18356" status="PASS">
          <reporter-output>
          </reporter-output>
        </test-method> <!-- LaunchApplication -->
        <test-method is-config="true" signature="LaunchApplication()[pri:0, instance:testCase.LoginPageErrorMessage@59662a0b]" started-at="2023-06-05T07:09:02 IST" name="LaunchApplication" finished-at="2023-06-05T07:09:16 IST" duration-ms="13210" status="PASS">
          <reporter-output>
          </reporter-output>
        </test-method> <!-- LaunchApplication -->
        <test-method signature="verifyLoginMessage(java.util.HashMap)[pri:0, instance:testCase.LoginPageErrorMessage@59662a0b]" started-at="2023-06-05T07:09:15 IST" name="verifyLoginMessage" data-provider="hello" finished-at="2023-06-05T07:09:17 IST" duration-ms="2752" status="PASS">
          <params>
            <param index="0">
              <value>
                <![CDATA[{page heading=*Enter Valid Email, User Name=vasudev, Password=1234}]]>
              </value>
            </param>
          </params>
          <reporter-output>
          </reporter-output>
        </test-method> <!-- verifyLoginMessage -->
        <test-method signature="verifyLoginMessage(java.util.HashMap)[pri:0, instance:testCase.LoginPageErrorMessage@59662a0b]" started-at="2023-06-05T07:09:16 IST" name="verifyLoginMessage" data-provider="hello" finished-at="2023-06-05T07:09:18 IST" duration-ms="2491" status="PASS">
          <params>
            <param index="0">
              <value>
                <![CDATA[{page heading=*Email is required,*Password is required, User Name=, Password=}]]>
              </value>
            </param>
          </params>
          <reporter-output>
          </reporter-output>
        </test-method> <!-- verifyLoginMessage -->
        <test-method is-config="true" signature="tearDown()[pri:0, instance:testCase.LoginPageErrorMessage@59662a0b]" started-at="2023-06-05T07:09:20 IST" name="tearDown" finished-at="2023-06-05T07:09:20 IST" duration-ms="1" status="PASS">
          <reporter-output>
          </reporter-output>
        </test-method> <!-- tearDown -->
        <test-method is-config="true" signature="LaunchApplication()[pri:0, instance:testCase.LoginPageErrorMessage@59662a0b]" started-at="2023-06-05T07:09:20 IST" name="LaunchApplication" finished-at="2023-06-05T07:09:31 IST" duration-ms="10942" status="PASS">
          <reporter-output>
          </reporter-output>
        </test-method> <!-- LaunchApplication -->
        <test-method is-config="true" signature="tearDown()[pri:0, instance:testCase.LoginPageErrorMessage@59662a0b]" started-at="2023-06-05T07:09:20 IST" name="tearDown" finished-at="2023-06-05T07:09:20 IST" duration-ms="0" status="PASS">
          <reporter-output>
          </reporter-output>
        </test-method> <!-- tearDown -->
        <test-method is-config="true" signature="LaunchApplication()[pri:0, instance:testCase.LoginPageErrorMessage@59662a0b]" started-at="2023-06-05T07:09:20 IST" name="LaunchApplication" finished-at="2023-06-05T07:09:31 IST" duration-ms="10835" status="PASS">
          <reporter-output>
          </reporter-output>
        </test-method> <!-- LaunchApplication -->
        <test-method signature="verifyLoginMessage(java.util.HashMap)[pri:0, instance:testCase.LoginPageErrorMessage@59662a0b]" started-at="2023-06-05T07:09:21 IST" name="verifyLoginMessage" data-provider="hello" finished-at="2023-06-05T07:09:27 IST" duration-ms="6693" status="PASS">
          <params>
            <param index="0">
              <value>
                <![CDATA[{page heading=Automation, User Name=vasuK1234@gmail.com, Password=vasudevK@09}]]>
              </value>
            </param>
          </params>
          <reporter-output>
          </reporter-output>
        </test-method> <!-- verifyLoginMessage -->
        <test-method is-config="true" signature="tearDown()[pri:0, instance:testCase.LoginPageErrorMessage@59662a0b]" started-at="2023-06-05T07:09:29 IST" name="tearDown" finished-at="2023-06-05T07:09:29 IST" duration-ms="0" status="PASS">
          <reporter-output>
          </reporter-output>
        </test-method> <!-- tearDown -->
        <test-method is-config="true" signature="LaunchApplication()[pri:0, instance:testCase.LoginPageErrorMessage@59662a0b]" started-at="2023-06-05T07:09:29 IST" name="LaunchApplication" finished-at="2023-06-05T07:09:38 IST" duration-ms="9448" status="PASS">
          <reporter-output>
          </reporter-output>
        </test-method> <!-- LaunchApplication -->
        <test-method signature="verifyLoginMessage(java.util.HashMap)[pri:0, instance:testCase.LoginPageErrorMessage@59662a0b]" started-at="2023-06-05T07:09:31 IST" name="verifyLoginMessage" data-provider="hello" finished-at="2023-06-05T07:09:34 IST" duration-ms="2789" status="PASS">
          <params>
            <param index="0">
              <value>
                <![CDATA[{page heading=*Enter Valid Email, User Name=a, Password=fun}]]>
              </value>
            </param>
          </params>
          <reporter-output>
          </reporter-output>
        </test-method> <!-- verifyLoginMessage -->
        <test-method signature="verifyLoginMessage(java.util.HashMap)[pri:0, instance:testCase.LoginPageErrorMessage@59662a0b]" started-at="2023-06-05T07:09:31 IST" name="verifyLoginMessage" data-provider="hello" finished-at="2023-06-05T07:09:36 IST" duration-ms="4914" status="PASS">
          <params>
            <param index="0">
              <value>
                <![CDATA[{page heading=Incorrect email or password., User Name=vasuK1234@gmail.com, Password=a}]]>
              </value>
            </param>
          </params>
          <reporter-output>
          </reporter-output>
        </test-method> <!-- verifyLoginMessage -->
        <test-method is-config="true" signature="tearDown()[pri:0, instance:testCase.LoginPageErrorMessage@59662a0b]" started-at="2023-06-05T07:09:35 IST" name="tearDown" finished-at="2023-06-05T07:09:35 IST" duration-ms="0" status="PASS">
          <reporter-output>
          </reporter-output>
        </test-method> <!-- tearDown -->
        <test-method is-config="true" signature="tearDown()[pri:0, instance:testCase.LoginPageErrorMessage@59662a0b]" started-at="2023-06-05T07:09:37 IST" name="tearDown" finished-at="2023-06-05T07:09:37 IST" duration-ms="0" status="PASS">
          <reporter-output>
          </reporter-output>
        </test-method> <!-- tearDown -->
        <test-method signature="verifyLoginMessage(java.util.HashMap)[pri:0, instance:testCase.LoginPageErrorMessage@59662a0b]" started-at="2023-06-05T07:09:38 IST" name="verifyLoginMessage" data-provider="hello" finished-at="2023-06-05T07:09:45 IST" duration-ms="6512" status="PASS">
          <params>
            <param index="0">
              <value>
                <![CDATA[{page heading=Automation, User Name=vasuK1234@gmail.com, Password=vasudevK@09}]]>
              </value>
            </param>
          </params>
          <reporter-output>
          </reporter-output>
        </test-method> <!-- verifyLoginMessage -->
        <test-method is-config="true" signature="tearDown()[pri:0, instance:testCase.LoginPageErrorMessage@59662a0b]" started-at="2023-06-05T07:09:46 IST" name="tearDown" finished-at="2023-06-05T07:09:46 IST" duration-ms="0" status="PASS">
          <reporter-output>
          </reporter-output>
        </test-method> <!-- tearDown -->
      </class> <!-- testCase.LoginPageErrorMessage -->
    </test> <!-- Test1 -->
  </suite> <!-- Demo Web App test suite -->
</testng-results>
