<?xml version="1.0" encoding="UTF-8"?>
<!-- Generated by org.testng.reporters.JUnitXMLReporter -->
<testsuite ignored="1" hostname="LAPTOP-KFK9388M" failures="0" tests="2" name="Default test" time="27.083" errors="0" timestamp="2022-12-28T16:33:24 IST">
  <testcase classname="javaTest.AddToChart" name="orderProduct" time="4.636"/>
  <testcase classname="javaTest.AddToChart" name="orderProduct" time="4.697"/>
  <testcase classname="javaTest.AddToChart" name="verifyOrders" time="0.0">
    <ignored/>
  </testcase> <!-- verifyOrders -->
</testsuite> <!-- Default test -->
