<?xml version="1.0" encoding="UTF-8"?>
<testng-results ignored="0" total="8" passed="8" failed="0" skipped="0">
  <reporter-output>
  </reporter-output>
  <suite started-at="2023-06-22T19:42:40 IST" name="Default suite" finished-at="2023-06-22T19:42:51 IST" duration-ms="10733">
    <groups>
    </groups>
    <test started-at="2023-06-22T19:42:40 IST" name="Default test" finished-at="2023-06-22T19:42:51 IST" duration-ms="10733">
      <class name="ReadDataFromExcelHashMap1">
        <test-method signature="run(java.util.Map)[pri:0, instance:ReadDataFromExcelHashMap1@537f60bf]" started-at="2023-06-22T19:42:51 IST" name="run" data-provider="main" finished-at="2023-06-22T19:42:51 IST" duration-ms="30" status="PASS">
          <params>
            <param index="0">
              <value>
                <![CDATA[{page heading=Automation, User Name=vasuK1234@gmail.com, Password=vasudevK@09}]]>
              </value>
            </param>
          </params>
          <reporter-output>
          </reporter-output>
        </test-method> <!-- run -->
        <test-method signature="run(java.util.Map)[pri:0, instance:ReadDataFromExcelHashMap1@537f60bf]" started-at="2023-06-22T19:42:51 IST" name="run" data-provider="main" finished-at="2023-06-22T19:42:51 IST" duration-ms="5" status="PASS">
          <params>
            <param index="0">
              <value>
                <![CDATA[{page heading=Log in, User Name=vasudev, Password=1234}]]>
              </value>
            </param>
          </params>
          <reporter-output>
          </reporter-output>
        </test-method> <!-- run -->
        <test-method signature="run(java.util.Map)[pri:0, instance:ReadDataFromExcelHashMap1@537f60bf]" started-at="2023-06-22T19:42:51 IST" name="run" data-provider="main" finished-at="2023-06-22T19:42:51 IST" duration-ms="21" status="PASS">
          <params>
            <param index="0">
              <value>
                <![CDATA[{page heading=Log in, User Name=, Password=}]]>
              </value>
            </param>
          </params>
          <reporter-output>
          </reporter-output>
        </test-method> <!-- run -->
        <test-method signature="run(java.util.Map)[pri:0, instance:ReadDataFromExcelHashMap1@537f60bf]" started-at="2023-06-22T19:42:51 IST" name="run" data-provider="main" finished-at="2023-06-22T19:42:51 IST" duration-ms="3" status="PASS">
          <params>
            <param index="0">
              <value>
                <![CDATA[{page heading=Log in, User Name=a, Password=fun}]]>
              </value>
            </param>
          </params>
          <reporter-output>
          </reporter-output>
        </test-method> <!-- run -->
        <test-method signature="run(java.util.Map)[pri:0, instance:ReadDataFromExcelHashMap1@537f60bf]" started-at="2023-06-22T19:42:51 IST" name="run" data-provider="main" finished-at="2023-06-22T19:42:51 IST" duration-ms="5" status="PASS">
          <params>
            <param index="0">
              <value>
                <![CDATA[{page heading=Log in, User Name=vasuK1234@gmail.com, Password=a}]]>
              </value>
            </param>
          </params>
          <reporter-output>
          </reporter-output>
        </test-method> <!-- run -->
        <test-method signature="run(java.util.Map)[pri:0, instance:ReadDataFromExcelHashMap1@537f60bf]" started-at="2023-06-22T19:42:51 IST" name="run" data-provider="main" finished-at="2023-06-22T19:42:51 IST" duration-ms="4" status="PASS">
          <params>
            <param index="0">
              <value>
                <![CDATA[{page heading=Automation, User Name=vasuK1234@gmail.com, Password=vasudevK@09}]]>
              </value>
            </param>
          </params>
          <reporter-output>
          </reporter-output>
        </test-method> <!-- run -->
        <test-method signature="run(java.util.Map)[pri:0, instance:ReadDataFromExcelHashMap1@537f60bf]" started-at="2023-06-22T19:42:51 IST" name="run" data-provider="main" finished-at="2023-06-22T19:42:51 IST" duration-ms="12" status="PASS">
          <params>
            <param index="0">
              <value>
                <![CDATA[{page heading=Log in, User Name=false, Password=vasudevK@09}]]>
              </value>
            </param>
          </params>
          <reporter-output>
          </reporter-output>
        </test-method> <!-- run -->
        <test-method signature="run(java.util.Map)[pri:0, instance:ReadDataFromExcelHashMap1@537f60bf]" started-at="2023-06-22T19:42:51 IST" name="run" data-provider="main" finished-at="2023-06-22T19:42:51 IST" duration-ms="43" status="PASS">
          <params>
            <param index="0">
              <value>
                <![CDATA[{page heading=, User Name=, Password=}]]>
              </value>
            </param>
          </params>
          <reporter-output>
          </reporter-output>
        </test-method> <!-- run -->
      </class> <!-- ReadDataFromExcelHashMap1 -->
    </test> <!-- Default test -->
  </suite> <!-- Default suite -->
</testng-results>
